10:18:28.328 INFO - Selenium build info: version: '3.4.0', revision: 'unknown'
10:18:28.329 INFO - Launching a standalone Selenium Server
2017-07-30 10:18:28.349:INFO::main: Logging initialized @216ms to org.seleniumhq.jetty9.util.log.StdErrLog
10:18:28.393 INFO - Driver provider org.openqa.selenium.ie.InternetExplorerDriver registration is skipped:
 registration capabilities Capabilities [{ensureCleanSession=true, browserName=internet explorer, version=, platform=WINDOWS}] does not match the current platform MAC
10:18:28.393 INFO - Driver provider org.openqa.selenium.edge.EdgeDriver registration is skipped:
 registration capabilities Capabilities [{browserName=MicrosoftEdge, version=, platform=WINDOWS}] does not match the current platform MAC
10:18:28.393 INFO - Driver class not found: com.opera.core.systems.OperaDriver
10:18:28.394 INFO - Driver provider com.opera.core.systems.OperaDriver registration is skipped:
Unable to create new instances on this machine.
10:18:28.394 INFO - Driver class not found: com.opera.core.systems.OperaDriver
10:18:28.394 INFO - Driver provider com.opera.core.systems.OperaDriver is not registered
2017-07-30 10:18:28.431:INFO:osjs.Server:main: jetty-9.4.3.v20170317
2017-07-30 10:18:28.469:INFO:osjsh.ContextHandler:main: Started o.s.j.s.ServletContextHandler@14acaea5{/,null,AVAILABLE}
2017-07-30 10:18:28.503:INFO:osjs.AbstractConnector:main: Started ServerConnector@e25b2fe{HTTP/1.1,[http/1.1]}{0.0.0.0:4444}
2017-07-30 10:18:28.504:INFO:osjs.Server:main: Started @371ms
10:18:28.504 INFO - Selenium Server is up and running
10:18:28.705 INFO - SessionCleaner initialized with insideBrowserTimeout 0 and clientGoneTimeout 1800000 polling every 180000
10:18:28.727 INFO - Executing: [new session: Capabilities [{acceptSslCerts=true, marionette=true, name=Crud Computer, browserName=firefox, javascriptEnabled=true, platform=ANY}]])
10:18:28.744 INFO - Creating a new session for Capabilities [{acceptSslCerts=true, marionette=true, name=Crud Computer, browserName=firefox, javascriptEnabled=true, platform=ANY}]
1501402708979	geckodriver	INFO	geckodriver 0.18.0
1501402708985	geckodriver	INFO	Listening on 127.0.0.1:19690
1501402709141	geckodriver::marionette	INFO	Starting browser /Applications/Firefox.app/Contents/MacOS/firefox-bin with args ["-marionette"]
1501402710954	Marionette	INFO	Listening on port 60013
1501402711261	Marionette	DEBUG	loaded listener.js
10:18:31.298 INFO - Detected dialect: W3C
10:18:31.328 INFO - Done: [new session: Capabilities [{acceptSslCerts=true, marionette=true, name=Crud Computer, browserName=firefox, javascriptEnabled=true, platform=ANY}]]
10:18:31.356 INFO - Executing: [get: http://computer-database.herokuapp.com/computers])
2017-07-30 10:18:31.371 plugin-container[3004:230461] *** CFMessagePort: bootstrap_register(): failed 1100 (0x44c) 'Permission denied', port = 0x8e3f, name = 'com.apple.tsm.portname'
See /usr/include/servers/bootstrap_defs.h for the error codes.
2017-07-30 10:18:31.373 plugin-container[3004:230461] *** CFMessagePort: bootstrap_register(): failed 1100 (0x44c) 'Permission denied', port = 0x901f, name = 'com.apple.CFPasteboardClient'
See /usr/include/servers/bootstrap_defs.h for the error codes.
2017-07-30 10:18:31.373 plugin-container[3004:230461] void __CFPasteboardSetup() : Failed to allocate communication port for com.apple.CFPasteboardClient; this is likely due to sandbox restrictions
1501402711387	Marionette	DEBUG	Received DOM event "beforeunload" for "about:blank"
1501402711733	Marionette	DEBUG	Received DOM event "pagehide" for "about:blank"
1501402711733	Marionette	DEBUG	Received DOM event "unload" for "about:blank"
1501402711740	Marionette	DEBUG	Received DOM event "DOMContentLoaded" for "http://computer-database.herokuapp.com/computers"
1501402712160	Marionette	DEBUG	Received DOM event "pageshow" for "http://computer-database.herokuapp.com/computers"
10:18:32.180 INFO - Done: [get: http://computer-database.herokuapp.com/computers]
10:18:32.203 INFO - Executing: [find elements: By.cssSelector: .success])
10:18:32.247 INFO - Done: [find elements: By.cssSelector: .success]
10:18:32.273 INFO - Executing: [is displayed: 0 [[FirefoxDriver: firefox on ANY (e6f6b348-74f4-ea4f-a839-0a4351a441da)] -> css selector: .success]])
10:18:32.391 INFO - Done: [is displayed: 0 [[FirefoxDriver: firefox on ANY (e6f6b348-74f4-ea4f-a839-0a4351a441da)] -> css selector: .success]]
10:18:32.401 INFO - Executing: [find element: By.cssSelector: .success])
10:18:32.410 INFO - Done: [find element: By.cssSelector: .success]
10:18:32.416 INFO - Executing: [click: 0 [[FirefoxDriver: firefox on ANY (e6f6b348-74f4-ea4f-a839-0a4351a441da)] -> css selector: .success]])
1501402712453	Marionette	DEBUG	Received DOM event "beforeunload" for "http://computer-database.herokuapp.com/computers"
1501402712613	Marionette	DEBUG	Received DOM event "pagehide" for "http://computer-database.herokuapp.com/computers"
1501402712615	Marionette	DEBUG	Received DOM event "unload" for "http://computer-database.herokuapp.com/computers"
1501402712636	Marionette	DEBUG	Received DOM event "DOMContentLoaded" for "http://computer-database.herokuapp.com/computers/new"
1501402712718	Marionette	DEBUG	Received DOM event "pageshow" for "http://computer-database.herokuapp.com/computers/new"
10:18:32.725 INFO - Done: [click: 0 [[FirefoxDriver: firefox on ANY (e6f6b348-74f4-ea4f-a839-0a4351a441da)] -> css selector: .success]]
10:18:32.734 INFO - Executing: [find elements: By.cssSelector: .btn.primary])
10:18:32.793 INFO - Done: [find elements: By.cssSelector: .btn.primary]
10:18:32.801 INFO - Executing: [is displayed: 1 [[FirefoxDriver: firefox on ANY (e6f6b348-74f4-ea4f-a839-0a4351a441da)] -> css selector: .btn.primary]])
10:18:32.869 INFO - Done: [is displayed: 1 [[FirefoxDriver: firefox on ANY (e6f6b348-74f4-ea4f-a839-0a4351a441da)] -> css selector: .btn.primary]]
10:18:32.877 INFO - Executing: [find element: By.cssSelector: #name])
10:18:32.887 INFO - Done: [find element: By.cssSelector: #name]
10:18:32.893 INFO - Executing: [clear: 2 [[FirefoxDriver: firefox on ANY (e6f6b348-74f4-ea4f-a839-0a4351a441da)] -> css selector: #name]])
10:18:32.911 INFO - Done: [clear: 2 [[FirefoxDriver: firefox on ANY (e6f6b348-74f4-ea4f-a839-0a4351a441da)] -> css selector: #name]]
10:18:32.917 INFO - Executing: [find element: By.cssSelector: #name])
10:18:32.927 INFO - Done: [find element: By.cssSelector: #name]
10:18:32.933 INFO - Executing: [send keys: 2 [[FirefoxDriver: firefox on ANY (e6f6b348-74f4-ea4f-a839-0a4351a441da)] -> css selector: #name], [1, 2, 3, 4, 5]])
10:18:32.977 INFO - Done: [send keys: 2 [[FirefoxDriver: firefox on ANY (e6f6b348-74f4-ea4f-a839-0a4351a441da)] -> css selector: #name], [1, 2, 3, 4, 5]]
10:18:32.982 INFO - Executing: [find element: By.cssSelector: #introduced])
10:18:32.996 INFO - Done: [find element: By.cssSelector: #introduced]
10:18:33.004 INFO - Executing: [clear: 3 [[FirefoxDriver: firefox on ANY (e6f6b348-74f4-ea4f-a839-0a4351a441da)] -> css selector: #introduced]])
10:18:33.027 INFO - Done: [clear: 3 [[FirefoxDriver: firefox on ANY (e6f6b348-74f4-ea4f-a839-0a4351a441da)] -> css selector: #introduced]]
10:18:33.037 INFO - Executing: [find element: By.cssSelector: #introduced])
10:18:33.048 INFO - Done: [find element: By.cssSelector: #introduced]
10:18:33.056 INFO - Executing: [send keys: 3 [[FirefoxDriver: firefox on ANY (e6f6b348-74f4-ea4f-a839-0a4351a441da)] -> css selector: #introduced], [1, 9, 9, 7, -, 0, 4, -, 1, 2]])
10:18:33.097 INFO - Done: [send keys: 3 [[FirefoxDriver: firefox on ANY (e6f6b348-74f4-ea4f-a839-0a4351a441da)] -> css selector: #introduced], [1, 9, 9, 7, -, 0, 4, -, 1, 2]]
10:18:33.106 INFO - Executing: [find element: By.cssSelector: #discontinued])
10:18:33.114 INFO - Done: [find element: By.cssSelector: #discontinued]
10:18:33.123 INFO - Executing: [clear: 4 [[FirefoxDriver: firefox on ANY (e6f6b348-74f4-ea4f-a839-0a4351a441da)] -> css selector: #discontinued]])
10:18:33.144 INFO - Done: [clear: 4 [[FirefoxDriver: firefox on ANY (e6f6b348-74f4-ea4f-a839-0a4351a441da)] -> css selector: #discontinued]]
10:18:33.158 INFO - Executing: [find element: By.cssSelector: #discontinued])
10:18:33.173 INFO - Done: [find element: By.cssSelector: #discontinued]
10:18:33.183 INFO - Executing: [send keys: 4 [[FirefoxDriver: firefox on ANY (e6f6b348-74f4-ea4f-a839-0a4351a441da)] -> css selector: #discontinued], [2, 0, 1, 7, -, 0, 5, -, 1, 2]])
10:18:33.225 INFO - Done: [send keys: 4 [[FirefoxDriver: firefox on ANY (e6f6b348-74f4-ea4f-a839-0a4351a441da)] -> css selector: #discontinued], [2, 0, 1, 7, -, 0, 5, -, 1, 2]]
10:18:33.231 INFO - Executing: [find element: By.cssSelector: #company])
10:18:33.243 INFO - Done: [find element: By.cssSelector: #company]
10:18:33.249 INFO - Executing: [click: 5 [[FirefoxDriver: firefox on ANY (e6f6b348-74f4-ea4f-a839-0a4351a441da)] -> css selector: #company]])
1501402713508	Marionette	DEBUG	Canceled page load listener because no navigation has been detected
10:18:33.512 INFO - Done: [click: 5 [[FirefoxDriver: firefox on ANY (e6f6b348-74f4-ea4f-a839-0a4351a441da)] -> css selector: #company]]
10:18:34.522 INFO - Executing: [find element: By.cssSelector: #company option[value ="1"]])
10:18:34.529 INFO - Done: [find element: By.cssSelector: #company option[value ="1"]]
10:18:34.532 INFO - Executing: [click: 6 [[FirefoxDriver: firefox on ANY (e6f6b348-74f4-ea4f-a839-0a4351a441da)] -> css selector: #company option[value ="1"]]])
1501402714751	Marionette	DEBUG	Canceled page load listener because no navigation has been detected
10:18:34.755 INFO - Done: [click: 6 [[FirefoxDriver: firefox on ANY (e6f6b348-74f4-ea4f-a839-0a4351a441da)] -> css selector: #company option[value ="1"]]]
10:18:35.763 INFO - Executing: [find element: By.cssSelector: .btn.primary])
10:18:35.770 INFO - Done: [find element: By.cssSelector: .btn.primary]
10:18:35.776 INFO - Executing: [click: 1 [[FirefoxDriver: firefox on ANY (e6f6b348-74f4-ea4f-a839-0a4351a441da)] -> css selector: .btn.primary]])
1501402715795	Marionette	DEBUG	Received DOM event "beforeunload" for "http://computer-database.herokuapp.com/computers/new"
1501402716150	Marionette	DEBUG	Received DOM event "pagehide" for "http://computer-database.herokuapp.com/computers/new"
1501402716150	Marionette	DEBUG	Received DOM event "unload" for "http://computer-database.herokuapp.com/computers/new"
1501402716160	Marionette	DEBUG	Received DOM event "DOMContentLoaded" for "http://computer-database.herokuapp.com/computers"
1501402716181	Marionette	DEBUG	Received DOM event "pageshow" for "http://computer-database.herokuapp.com/computers"
10:18:36.191 INFO - Done: [click: 1 [[FirefoxDriver: firefox on ANY (e6f6b348-74f4-ea4f-a839-0a4351a441da)] -> css selector: .btn.primary]]
10:18:36.203 INFO - Executing: [find elements: By.cssSelector: .success])
10:18:36.215 INFO - Done: [find elements: By.cssSelector: .success]
10:18:36.222 INFO - Executing: [is displayed: 7 [[FirefoxDriver: firefox on ANY (e6f6b348-74f4-ea4f-a839-0a4351a441da)] -> css selector: .success]])
10:18:36.268 INFO - Done: [is displayed: 7 [[FirefoxDriver: firefox on ANY (e6f6b348-74f4-ea4f-a839-0a4351a441da)] -> css selector: .success]]
10:18:36.274 INFO - Executing: [find element: By.cssSelector: .alert-message.warning])
10:18:36.283 INFO - Done: [find element: By.cssSelector: .alert-message.warning]
10:18:36.289 INFO - Executing: [get text: 8 [[FirefoxDriver: firefox on ANY (e6f6b348-74f4-ea4f-a839-0a4351a441da)] -> css selector: .alert-message.warning]])
10:18:36.304 INFO - Done: [get text: 8 [[FirefoxDriver: firefox on ANY (e6f6b348-74f4-ea4f-a839-0a4351a441da)] -> css selector: .alert-message.warning]]
10:18:36.309 INFO - Executing: [find element: By.cssSelector: tbody>tr:first-child>td:first-child>a])
10:18:36.317 INFO - Done: [find element: By.cssSelector: tbody>tr:first-child>td:first-child>a]
10:18:36.321 INFO - Executing: [get text: 9 [[FirefoxDriver: firefox on ANY (e6f6b348-74f4-ea4f-a839-0a4351a441da)] -> css selector: tbody>tr:first-child>td:first-child>a]])
10:18:36.333 INFO - Done: [get text: 9 [[FirefoxDriver: firefox on ANY (e6f6b348-74f4-ea4f-a839-0a4351a441da)] -> css selector: tbody>tr:first-child>td:first-child>a]]
10:18:36.339 INFO - Executing: [find element: By.cssSelector: tbody>tr:first-child>td:nth-of-type(4)])
10:18:36.348 INFO - Done: [find element: By.cssSelector: tbody>tr:first-child>td:nth-of-type(4)]
10:18:36.354 INFO - Executing: [get text: 10 [[FirefoxDriver: firefox on ANY (e6f6b348-74f4-ea4f-a839-0a4351a441da)] -> css selector: tbody>tr:first-child>td:nth-of-type(4)]])
10:18:36.365 INFO - Done: [get text: 10 [[FirefoxDriver: firefox on ANY (e6f6b348-74f4-ea4f-a839-0a4351a441da)] -> css selector: tbody>tr:first-child>td:nth-of-type(4)]]
10:18:36.369 INFO - Executing: [find element: By.cssSelector: tbody>tr:first-child>td:nth-of-type(2)])
10:18:36.376 INFO - Done: [find element: By.cssSelector: tbody>tr:first-child>td:nth-of-type(2)]
10:18:36.381 INFO - Executing: [get text: 11 [[FirefoxDriver: firefox on ANY (e6f6b348-74f4-ea4f-a839-0a4351a441da)] -> css selector: tbody>tr:first-child>td:nth-of-type(2)]])
10:18:36.391 INFO - Done: [get text: 11 [[FirefoxDriver: firefox on ANY (e6f6b348-74f4-ea4f-a839-0a4351a441da)] -> css selector: tbody>tr:first-child>td:nth-of-type(2)]]
10:18:36.397 INFO - Executing: [find element: By.cssSelector: tbody>tr:first-child>td:nth-of-type(3)])
10:18:36.406 INFO - Done: [find element: By.cssSelector: tbody>tr:first-child>td:nth-of-type(3)]
10:18:36.413 INFO - Executing: [get text: 12 [[FirefoxDriver: firefox on ANY (e6f6b348-74f4-ea4f-a839-0a4351a441da)] -> css selector: tbody>tr:first-child>td:nth-of-type(3)]])
10:18:36.425 INFO - Done: [get text: 12 [[FirefoxDriver: firefox on ANY (e6f6b348-74f4-ea4f-a839-0a4351a441da)] -> css selector: tbody>tr:first-child>td:nth-of-type(3)]]
10:18:36.448 INFO - Executing: [find elements: By.cssSelector: .success])
10:18:36.456 INFO - Done: [find elements: By.cssSelector: .success]
10:18:36.459 INFO - Executing: [is displayed: 7 [[FirefoxDriver: firefox on ANY (e6f6b348-74f4-ea4f-a839-0a4351a441da)] -> css selector: .success]])
10:18:36.483 INFO - Done: [is displayed: 7 [[FirefoxDriver: firefox on ANY (e6f6b348-74f4-ea4f-a839-0a4351a441da)] -> css selector: .success]]
10:18:36.487 INFO - Executing: [find element: By.cssSelector: tbody>tr:first-child>td:first-child>a])
10:18:36.495 INFO - Done: [find element: By.cssSelector: tbody>tr:first-child>td:first-child>a]
10:18:36.500 INFO - Executing: [click: 9 [[FirefoxDriver: firefox on ANY (e6f6b348-74f4-ea4f-a839-0a4351a441da)] -> css selector: tbody>tr:first-child>td:first-child>a]])
1501402716516	Marionette	DEBUG	Received DOM event "beforeunload" for "http://computer-database.herokuapp.com/computers"
1501402716675	Marionette	DEBUG	Received DOM event "pagehide" for "http://computer-database.herokuapp.com/computers"
1501402716675	Marionette	DEBUG	Received DOM event "unload" for "http://computer-database.herokuapp.com/computers"
1501402716692	Marionette	DEBUG	Received DOM event "DOMContentLoaded" for "http://computer-database.herokuapp.com/computers/594"
1501402716727	Marionette	DEBUG	Received DOM event "pageshow" for "http://computer-database.herokuapp.com/computers/594"
10:18:36.735 INFO - Done: [click: 9 [[FirefoxDriver: firefox on ANY (e6f6b348-74f4-ea4f-a839-0a4351a441da)] -> css selector: tbody>tr:first-child>td:first-child>a]]
10:18:36.742 INFO - Executing: [find elements: By.cssSelector: .btn.primary])
10:18:36.755 INFO - Done: [find elements: By.cssSelector: .btn.primary]
10:18:36.765 INFO - Executing: [is displayed: 13 [[FirefoxDriver: firefox on ANY (e6f6b348-74f4-ea4f-a839-0a4351a441da)] -> css selector: .btn.primary]])
10:18:36.811 INFO - Done: [is displayed: 13 [[FirefoxDriver: firefox on ANY (e6f6b348-74f4-ea4f-a839-0a4351a441da)] -> css selector: .btn.primary]]
10:18:36.816 INFO - Executing: [find element: By.cssSelector: #name])
10:18:36.825 INFO - Done: [find element: By.cssSelector: #name]
10:18:36.831 INFO - Executing: [clear: 14 [[FirefoxDriver: firefox on ANY (e6f6b348-74f4-ea4f-a839-0a4351a441da)] -> css selector: #name]])
10:18:36.845 INFO - Done: [clear: 14 [[FirefoxDriver: firefox on ANY (e6f6b348-74f4-ea4f-a839-0a4351a441da)] -> css selector: #name]]
10:18:36.849 INFO - Executing: [find element: By.cssSelector: #name])
10:18:36.855 INFO - Done: [find element: By.cssSelector: #name]
10:18:36.859 INFO - Executing: [send keys: 14 [[FirefoxDriver: firefox on ANY (e6f6b348-74f4-ea4f-a839-0a4351a441da)] -> css selector: #name], [1, 2, 3, 3, 4]])
10:18:36.886 INFO - Done: [send keys: 14 [[FirefoxDriver: firefox on ANY (e6f6b348-74f4-ea4f-a839-0a4351a441da)] -> css selector: #name], [1, 2, 3, 3, 4]]
10:18:36.893 INFO - Executing: [find element: By.cssSelector: #introduced])
10:18:36.900 INFO - Done: [find element: By.cssSelector: #introduced]
10:18:36.907 INFO - Executing: [clear: 15 [[FirefoxDriver: firefox on ANY (e6f6b348-74f4-ea4f-a839-0a4351a441da)] -> css selector: #introduced]])
10:18:36.929 INFO - Done: [clear: 15 [[FirefoxDriver: firefox on ANY (e6f6b348-74f4-ea4f-a839-0a4351a441da)] -> css selector: #introduced]]
10:18:36.939 INFO - Executing: [find element: By.cssSelector: #introduced])
10:18:36.957 INFO - Done: [find element: By.cssSelector: #introduced]
10:18:36.964 INFO - Executing: [send keys: 15 [[FirefoxDriver: firefox on ANY (e6f6b348-74f4-ea4f-a839-0a4351a441da)] -> css selector: #introduced], [1, 9, 9, 7, -, 0, 4, -, 1, 1]])
10:18:37.005 INFO - Done: [send keys: 15 [[FirefoxDriver: firefox on ANY (e6f6b348-74f4-ea4f-a839-0a4351a441da)] -> css selector: #introduced], [1, 9, 9, 7, -, 0, 4, -, 1, 1]]
10:18:37.010 INFO - Executing: [find element: By.cssSelector: #discontinued])
10:18:37.017 INFO - Done: [find element: By.cssSelector: #discontinued]
10:18:37.024 INFO - Executing: [clear: 16 [[FirefoxDriver: firefox on ANY (e6f6b348-74f4-ea4f-a839-0a4351a441da)] -> css selector: #discontinued]])
10:18:37.049 INFO - Done: [clear: 16 [[FirefoxDriver: firefox on ANY (e6f6b348-74f4-ea4f-a839-0a4351a441da)] -> css selector: #discontinued]]
10:18:37.058 INFO - Executing: [find element: By.cssSelector: #discontinued])
10:18:37.066 INFO - Done: [find element: By.cssSelector: #discontinued]
10:18:37.077 INFO - Executing: [send keys: 16 [[FirefoxDriver: firefox on ANY (e6f6b348-74f4-ea4f-a839-0a4351a441da)] -> css selector: #discontinued], [2, 0, 1, 7, -, 0, 5, -, 1, 1]])
10:18:37.110 INFO - Done: [send keys: 16 [[FirefoxDriver: firefox on ANY (e6f6b348-74f4-ea4f-a839-0a4351a441da)] -> css selector: #discontinued], [2, 0, 1, 7, -, 0, 5, -, 1, 1]]
10:18:37.114 INFO - Executing: [find element: By.cssSelector: #company])
10:18:37.124 INFO - Done: [find element: By.cssSelector: #company]
10:18:37.128 INFO - Executing: [click: 17 [[FirefoxDriver: firefox on ANY (e6f6b348-74f4-ea4f-a839-0a4351a441da)] -> css selector: #company]])
1501402717369	Marionette	DEBUG	Canceled page load listener because no navigation has been detected
10:18:37.373 INFO - Done: [click: 17 [[FirefoxDriver: firefox on ANY (e6f6b348-74f4-ea4f-a839-0a4351a441da)] -> css selector: #company]]
10:18:38.380 INFO - Executing: [find element: By.cssSelector: #company option[value ="2"]])
10:18:38.386 INFO - Done: [find element: By.cssSelector: #company option[value ="2"]]
10:18:38.389 INFO - Executing: [click: 18 [[FirefoxDriver: firefox on ANY (e6f6b348-74f4-ea4f-a839-0a4351a441da)] -> css selector: #company option[value ="2"]]])
1501402718609	Marionette	DEBUG	Canceled page load listener because no navigation has been detected
10:18:38.612 INFO - Done: [click: 18 [[FirefoxDriver: firefox on ANY (e6f6b348-74f4-ea4f-a839-0a4351a441da)] -> css selector: #company option[value ="2"]]]
10:18:39.623 INFO - Executing: [find element: By.cssSelector: .btn.primary])
10:18:39.630 INFO - Done: [find element: By.cssSelector: .btn.primary]
10:18:39.633 INFO - Executing: [click: 13 [[FirefoxDriver: firefox on ANY (e6f6b348-74f4-ea4f-a839-0a4351a441da)] -> css selector: .btn.primary]])
1501402719651	Marionette	DEBUG	Received DOM event "beforeunload" for "http://computer-database.herokuapp.com/computers/594"
1501402719998	Marionette	DEBUG	Received DOM event "pagehide" for "http://computer-database.herokuapp.com/computers/594"
1501402719998	Marionette	DEBUG	Received DOM event "unload" for "http://computer-database.herokuapp.com/computers/594"
1501402720012	Marionette	DEBUG	Received DOM event "DOMContentLoaded" for "http://computer-database.herokuapp.com/computers"
1501402720043	Marionette	DEBUG	Received DOM event "pageshow" for "http://computer-database.herokuapp.com/computers"
10:18:40.061 INFO - Done: [click: 13 [[FirefoxDriver: firefox on ANY (e6f6b348-74f4-ea4f-a839-0a4351a441da)] -> css selector: .btn.primary]]
10:18:40.076 INFO - Executing: [find elements: By.cssSelector: .success])
10:18:40.089 INFO - Done: [find elements: By.cssSelector: .success]
10:18:40.094 INFO - Executing: [is displayed: 19 [[FirefoxDriver: firefox on ANY (e6f6b348-74f4-ea4f-a839-0a4351a441da)] -> css selector: .success]])
10:18:40.143 INFO - Done: [is displayed: 19 [[FirefoxDriver: firefox on ANY (e6f6b348-74f4-ea4f-a839-0a4351a441da)] -> css selector: .success]]
10:18:40.149 INFO - Executing: [find element: By.cssSelector: .alert-message.warning])
10:18:40.158 INFO - Done: [find element: By.cssSelector: .alert-message.warning]
10:18:40.168 INFO - Executing: [get text: 20 [[FirefoxDriver: firefox on ANY (e6f6b348-74f4-ea4f-a839-0a4351a441da)] -> css selector: .alert-message.warning]])
10:18:40.181 INFO - Done: [get text: 20 [[FirefoxDriver: firefox on ANY (e6f6b348-74f4-ea4f-a839-0a4351a441da)] -> css selector: .alert-message.warning]]
10:18:40.185 INFO - Executing: [find element: By.cssSelector: tbody>tr:first-child>td:first-child>a])
10:18:40.196 INFO - Done: [find element: By.cssSelector: tbody>tr:first-child>td:first-child>a]
10:18:40.201 INFO - Executing: [get text: 21 [[FirefoxDriver: firefox on ANY (e6f6b348-74f4-ea4f-a839-0a4351a441da)] -> css selector: tbody>tr:first-child>td:first-child>a]])
10:18:40.210 INFO - Done: [get text: 21 [[FirefoxDriver: firefox on ANY (e6f6b348-74f4-ea4f-a839-0a4351a441da)] -> css selector: tbody>tr:first-child>td:first-child>a]]
10:18:40.216 INFO - Executing: [find element: By.cssSelector: tbody>tr:first-child>td:nth-of-type(4)])
10:18:40.223 INFO - Done: [find element: By.cssSelector: tbody>tr:first-child>td:nth-of-type(4)]
10:18:40.227 INFO - Executing: [get text: 22 [[FirefoxDriver: firefox on ANY (e6f6b348-74f4-ea4f-a839-0a4351a441da)] -> css selector: tbody>tr:first-child>td:nth-of-type(4)]])
10:18:40.238 INFO - Done: [get text: 22 [[FirefoxDriver: firefox on ANY (e6f6b348-74f4-ea4f-a839-0a4351a441da)] -> css selector: tbody>tr:first-child>td:nth-of-type(4)]]
10:18:40.242 INFO - Executing: [find element: By.cssSelector: tbody>tr:first-child>td:nth-of-type(2)])
10:18:40.249 INFO - Done: [find element: By.cssSelector: tbody>tr:first-child>td:nth-of-type(2)]
10:18:40.252 INFO - Executing: [get text: 23 [[FirefoxDriver: firefox on ANY (e6f6b348-74f4-ea4f-a839-0a4351a441da)] -> css selector: tbody>tr:first-child>td:nth-of-type(2)]])
10:18:40.265 INFO - Done: [get text: 23 [[FirefoxDriver: firefox on ANY (e6f6b348-74f4-ea4f-a839-0a4351a441da)] -> css selector: tbody>tr:first-child>td:nth-of-type(2)]]
10:18:40.269 INFO - Executing: [find element: By.cssSelector: tbody>tr:first-child>td:nth-of-type(3)])
10:18:40.285 INFO - Done: [find element: By.cssSelector: tbody>tr:first-child>td:nth-of-type(3)]
10:18:40.288 INFO - Executing: [get text: 24 [[FirefoxDriver: firefox on ANY (e6f6b348-74f4-ea4f-a839-0a4351a441da)] -> css selector: tbody>tr:first-child>td:nth-of-type(3)]])
10:18:40.298 INFO - Done: [get text: 24 [[FirefoxDriver: firefox on ANY (e6f6b348-74f4-ea4f-a839-0a4351a441da)] -> css selector: tbody>tr:first-child>td:nth-of-type(3)]]
10:18:40.307 INFO - Executing: [find element: By.cssSelector: tbody>tr:first-child>td:first-child>a])
10:18:40.316 INFO - Done: [find element: By.cssSelector: tbody>tr:first-child>td:first-child>a]
10:18:40.319 INFO - Executing: [click: 21 [[FirefoxDriver: firefox on ANY (e6f6b348-74f4-ea4f-a839-0a4351a441da)] -> css selector: tbody>tr:first-child>td:first-child>a]])
1501402720334	Marionette	DEBUG	Received DOM event "beforeunload" for "http://computer-database.herokuapp.com/computers"
1501402720493	Marionette	DEBUG	Received DOM event "pagehide" for "http://computer-database.herokuapp.com/computers"
1501402720494	Marionette	DEBUG	Received DOM event "unload" for "http://computer-database.herokuapp.com/computers"
1501402720510	Marionette	DEBUG	Received DOM event "DOMContentLoaded" for "http://computer-database.herokuapp.com/computers/594"
1501402720549	Marionette	DEBUG	Received DOM event "pageshow" for "http://computer-database.herokuapp.com/computers/594"
10:18:40.567 INFO - Done: [click: 21 [[FirefoxDriver: firefox on ANY (e6f6b348-74f4-ea4f-a839-0a4351a441da)] -> css selector: tbody>tr:first-child>td:first-child>a]]
10:18:40.577 INFO - Executing: [find elements: By.cssSelector: .btn[value="Delete this computer"]])
10:18:40.589 INFO - Done: [find elements: By.cssSelector: .btn[value="Delete this computer"]]
10:18:40.591 INFO - Executing: [is displayed: 25 [[FirefoxDriver: firefox on ANY (e6f6b348-74f4-ea4f-a839-0a4351a441da)] -> css selector: .btn[value="Delete this computer"]]])
10:18:40.629 INFO - Done: [is displayed: 25 [[FirefoxDriver: firefox on ANY (e6f6b348-74f4-ea4f-a839-0a4351a441da)] -> css selector: .btn[value="Delete this computer"]]]
10:18:40.633 INFO - Executing: [find element: By.cssSelector: .btn[value="Delete this computer"]])
10:18:40.640 INFO - Done: [find element: By.cssSelector: .btn[value="Delete this computer"]]
10:18:40.644 INFO - Executing: [click: 25 [[FirefoxDriver: firefox on ANY (e6f6b348-74f4-ea4f-a839-0a4351a441da)] -> css selector: .btn[value="Delete this computer"]]])
1501402720659	Marionette	DEBUG	Received DOM event "beforeunload" for "http://computer-database.herokuapp.com/computers/594"
1501402720975	Marionette	DEBUG	Received DOM event "pagehide" for "http://computer-database.herokuapp.com/computers/594"
1501402720976	Marionette	DEBUG	Received DOM event "unload" for "http://computer-database.herokuapp.com/computers/594"
1501402720989	Marionette	DEBUG	Received DOM event "DOMContentLoaded" for "http://computer-database.herokuapp.com/computers"
1501402721010	Marionette	DEBUG	Received DOM event "pageshow" for "http://computer-database.herokuapp.com/computers"
10:18:41.025 INFO - Done: [click: 25 [[FirefoxDriver: firefox on ANY (e6f6b348-74f4-ea4f-a839-0a4351a441da)] -> css selector: .btn[value="Delete this computer"]]]
10:18:42.039 INFO - Executing: [find element: By.cssSelector: .alert-message.warning])
10:18:42.056 INFO - Done: [find element: By.cssSelector: .alert-message.warning]
10:18:42.058 INFO - Executing: [get text: 26 [[FirefoxDriver: firefox on ANY (e6f6b348-74f4-ea4f-a839-0a4351a441da)] -> css selector: .alert-message.warning]])
10:18:42.086 INFO - Done: [get text: 26 [[FirefoxDriver: firefox on ANY (e6f6b348-74f4-ea4f-a839-0a4351a441da)] -> css selector: .alert-message.warning]]
10:18:42.092 INFO - Executing: [find element: By.cssSelector: tbody>tr:first-child>td:first-child>a])
10:18:42.100 INFO - Done: [find element: By.cssSelector: tbody>tr:first-child>td:first-child>a]
10:18:42.106 INFO - Executing: [get text: 27 [[FirefoxDriver: firefox on ANY (e6f6b348-74f4-ea4f-a839-0a4351a441da)] -> css selector: tbody>tr:first-child>td:first-child>a]])
10:18:42.118 INFO - Done: [get text: 27 [[FirefoxDriver: firefox on ANY (e6f6b348-74f4-ea4f-a839-0a4351a441da)] -> css selector: tbody>tr:first-child>td:first-child>a]]
10:18:42.124 INFO - Executing: [delete session: 552149ca-fb76-4eea-8325-71aec8e7809e])
1501402722128	Marionette	INFO	New connections will no longer be accepted
[GFX1-]: Receive IPC close with reason=AbnormalShutdown
10:18:42.408 INFO - Done: [delete session: 552149ca-fb76-4eea-8325-71aec8e7809e]
